<?xml version="1.0" encoding="UTF-8"?>
<robot generator="Robot 3.1.2 (Python 3.7.4 on win32)" generated="20191114 14:36:13.022" rpa="false">
<suite id="s1" name="API" source="C:\Users\Deepak\Desktop\API-RequestLibrary\API.robot">
<kw name="API Suite Setup" library="common_keywords" type="setup">
<arguments>
<arg>api_key=ApiKey EdSpg4CEURBxw6k27Lzw</arg>
</arguments>
<kw name="Generic Suite Setup" library="common_keywords">
<arguments>
<arg>${log_level}</arg>
</arguments>
<kw name="Set Log Level" library="BuiltIn">
<doc>Sets the log threshold to the specified level and returns the old level.</doc>
<arguments>
<arg>${log_level}</arg>
</arguments>
<msg timestamp="20191114 14:36:13.903" level="INFO">Log level changed from INFO to INFO.</msg>
<status status="PASS" starttime="20191114 14:36:13.902" endtime="20191114 14:36:13.905"></status>
</kw>
<status status="PASS" starttime="20191114 14:36:13.901" endtime="20191114 14:36:13.906"></status>
</kw>
<kw name="Create Dictionary" library="BuiltIn">
<doc>Creates and returns a dictionary based on the given ``items``.</doc>
<arguments>
<arg>Content-Type=*/*</arg>
<arg>Accept=*/*</arg>
<arg>Authorization=Basic ums</arg>
</arguments>
<assign>
<var>${headers}</var>
</assign>
<msg timestamp="20191114 14:36:13.907" level="INFO">${headers} = {'Content-Type': '*/*', 'Accept': '*/*', 'Authorization': 'Basic ums'}</msg>
<status status="PASS" starttime="20191114 14:36:13.906" endtime="20191114 14:36:13.907"></status>
</kw>
<status status="PASS" starttime="20191114 14:36:13.900" endtime="20191114 14:36:13.907"></status>
</kw>
<test id="s1-t1" name="Create Address">
<status status="FAIL" starttime="20191114 14:36:13.907" endtime="20191114 14:36:13.908" critical="yes">Test case contains no keywords.</status>
</test>
<kw name="API Suite Teardown" library="common_keywords" type="teardown">
<kw name="Delete All Sessions">
<msg timestamp="20191114 14:36:13.932" level="FAIL">No keyword with name 'Delete All Sessions' found.</msg>
<status status="FAIL" starttime="20191114 14:36:13.932" endtime="20191114 14:36:13.932"></status>
</kw>
<status status="FAIL" starttime="20191114 14:36:13.926" endtime="20191114 14:36:13.932">No keyword with name 'Delete All Sessions' found.</status>
</kw>
<status status="FAIL" starttime="20191114 14:36:13.025" endtime="20191114 14:36:13.933">Suite teardown failed:
No keyword with name 'Delete All Sessions' found.</status>
</suite>
<statistics>
<total>
<stat pass="0" fail="1">Critical Tests</stat>
<stat pass="0" fail="1">All Tests</stat>
</total>
<tag>
</tag>
<suite>
<stat pass="0" fail="1" id="s1" name="API">API</stat>
</suite>
</statistics>
<errors>
<msg timestamp="20191114 14:36:13.296" level="ERROR">Error in file 'C:\Users\Deepak\Desktop\API-RequestLibrary\API.robot': Importing test library 'C:\Users\Deepak\Desktop\API-RequestLibrary\libraries\RequestsKeywords.py' failed: ModuleNotFoundError: No module named 'RequestsLibrary'
Traceback (most recent call last):
  File "C:\Users\Deepak\Desktop\API-RequestLibrary\libraries\RequestsKeywords.py", line 17, in &lt;module&gt;
    from RequestsLibrary.compat import httplib, urlencode, PY3
PYTHONPATH:
  C:\Users\Deepak\AppData\Local\Programs\Python\Python37-32\Scripts\robot.exe
  c:\users\deepak\appdata\local\programs\python\python37-32\python37.zip
  c:\users\deepak\appdata\local\programs\python\python37-32\DLLs
  c:\users\deepak\appdata\local\programs\python\python37-32\lib
  c:\users\deepak\appdata\local\programs\python\python37-32
  C:\Users\Deepak\AppData\Roaming\Python\Python37\site-packages
  c:\users\deepak\appdata\local\programs\python\python37-32\lib\site-packages
  c:\users\deepak\appdata\local\programs\python\python37-32\lib\site-packages\win32
  c:\users\deepak\appdata\local\programs\python\python37-32\lib\site-packages\win32\lib
  c:\users\deepak\appdata\local\programs\python\python37-32\lib\site-packages\Pythonwin</msg>
</errors>
</robot>
